[    0.000000] Initializing cgroup subsys cpuset
[    0.000000] Initializing cgroup subsys cpu
[    0.000000] Initializing cgroup subsys cpuacct
[    0.000000] Linux version 4.4.0-166-generic (buildd@lcy01-amd64-020) (gcc version 5.4.0 20160609 (Ubuntu 5.4.0-6ubuntu1~16.04.10) ) #195-Ubuntu SMP Tue Oct 1 09:35:25 UTC 2019 (Ubuntu 4.4.0-166.195-generic 4.4.194)
[    0.000000] Command line: BOOT_IMAGE=/boot/vmlinuz-4.4.0-166-generic root=LABEL=cloudimg-rootfs ro console=tty1 console=ttyS0
[    0.000000] KERNEL supported cpus:
[    0.000000]   Intel GenuineIntel
[    0.000000]   AMD AuthenticAMD
[    0.000000]   Centaur CentaurHauls
[    0.000000] x86/fpu: xstate_offset[2]:  576, xstate_sizes[2]:  256
[    0.000000] x86/fpu: Supporting XSAVE feature 0x01: 'x87 floating point registers'
[    0.000000] x86/fpu: Supporting XSAVE feature 0x02: 'SSE registers'
[    0.000000] x86/fpu: Supporting XSAVE feature 0x04: 'AVX registers'
[    0.000000] x86/fpu: Enabled xstate features 0x7, context size is 832 bytes, using 'standard' format.
[    0.000000] e820: BIOS-provided physical RAM map:
[    0.000000] BIOS-e820: [mem 0x0000000000000000-0x000000000009fbff] usable
[    0.000000] BIOS-e820: [mem 0x000000000009fc00-0x000000000009ffff] reserved
[    0.000000] BIOS-e820: [mem 0x00000000000f0000-0x00000000000fffff] reserved
[    0.000000] BIOS-e820: [mem 0x0000000000100000-0x000000007ffeffff] usable
[    0.000000] BIOS-e820: [mem 0x000000007fff0000-0x000000007fffffff] ACPI data
[    0.000000] BIOS-e820: [mem 0x00000000fec00000-0x00000000fec00fff] reserved
[    0.000000] BIOS-e820: [mem 0x00000000fee00000-0x00000000fee00fff] reserved
[    0.000000] BIOS-e820: [mem 0x00000000fffc0000-0x00000000ffffffff] reserved
[    0.000000] NX (Execute Disable) protection: active
[    0.000000] SMBIOS 2.5 present.
[    0.000000] Hypervisor detected: KVM
[    0.000000] e820: last_pfn = 0x7fff0 max_arch_pfn = 0x400000000
[    0.000000] MTRR: Disabled
[    0.000000] x86/PAT: MTRRs disabled, skipping PAT initialization too.
[    0.000000] CPU MTRRs all blank - virtualized system.
[    0.000000] x86/PAT: Configuration [0-7]: WB  WT  UC- UC  WB  WT  UC- UC  
[    0.000000] found SMP MP-table at [mem 0x0009fff0-0x0009ffff] mapped at [ffff88000009fff0]
[    0.000000] Scanning 1 areas for low memory corruption
[    0.000000] RAMDISK: [mem 0x361d8000-0x370e3fff]
[    0.000000] ACPI: Early table checksum verification disabled
[    0.000000] ACPI: RSDP 0x00000000000E0000 000024 (v02 VBOX  )
[    0.000000] ACPI: XSDT 0x000000007FFF0030 00003C (v01 VBOX   VBOXXSDT 00000001 ASL  00000061)
[    0.000000] ACPI: FACP 0x000000007FFF00F0 0000F4 (v04 VBOX   VBOXFACP 00000001 ASL  00000061)
[    0.000000] ACPI: DSDT 0x000000007FFF0470 0022EA (v02 VBOX   VBOXBIOS 00000002 INTL 20100528)
[    0.000000] ACPI: FACS 0x000000007FFF0200 000040
[    0.000000] ACPI: FACS 0x000000007FFF0200 000040
[    0.000000] ACPI: APIC 0x000000007FFF0240 00005C (v02 VBOX   VBOXAPIC 00000001 ASL  00000061)
[    0.000000] ACPI: SSDT 0x000000007FFF02A0 0001CC (v01 VBOX   VBOXCPUT 00000002 INTL 20100528)
[    0.000000] No NUMA configuration found
[    0.000000] Faking a node at [mem 0x0000000000000000-0x000000007ffeffff]
[    0.000000] NODE_DATA(0) allocated [mem 0x7ffeb000-0x7ffeffff]
[    0.000000] kvm-clock: Using msrs 4b564d01 and 4b564d00
[    0.000000] kvm-clock: cpu 0, msr 0:7ffe3001, primary cpu clock
[    0.000000] kvm-clock: using sched offset of 4129532425 cycles
[    0.000000] clocksource: kvm-clock: mask: 0xffffffffffffffff max_cycles: 0x1cd42e4dffb, max_idle_ns: 881590591483 ns
[    0.000000] Zone ranges:
[    0.000000]   DMA      [mem 0x0000000000001000-0x0000000000ffffff]
[    0.000000]   DMA32    [mem 0x0000000001000000-0x000000007ffeffff]
[    0.000000]   Normal   empty
[    0.000000]   Device   empty
[    0.000000] Movable zone start for each node
[    0.000000] Early memory node ranges
[    0.000000]   node   0: [mem 0x0000000000001000-0x000000000009efff]
[    0.000000]   node   0: [mem 0x0000000000100000-0x000000007ffeffff]
[    0.000000] Initmem setup node 0 [mem 0x0000000000001000-0x000000007ffeffff]
[    0.000000] ACPI: PM-Timer IO Port: 0x4008
[    0.000000] IOAPIC[0]: apic_id 2, version 32, address 0xfec00000, GSI 0-23
[    0.000000] ACPI: INT_SRC_OVR (bus 0 bus_irq 0 global_irq 2 dfl dfl)
[    0.000000] ACPI: INT_SRC_OVR (bus 0 bus_irq 9 global_irq 9 low level)
[    0.000000] Using ACPI (MADT) for SMP configuration information
[    0.000000] smpboot: Allowing 2 CPUs, 0 hotplug CPUs
[    0.000000] PM: Registered nosave memory: [mem 0x00000000-0x00000fff]
[    0.000000] PM: Registered nosave memory: [mem 0x0009f000-0x0009ffff]
[    0.000000] PM: Registered nosave memory: [mem 0x000a0000-0x000effff]
[    0.000000] PM: Registered nosave memory: [mem 0x000f0000-0x000fffff]
[    0.000000] e820: [mem 0x80000000-0xfebfffff] available for PCI devices
[    0.000000] Booting paravirtualized kernel on KVM
[    0.000000] clocksource: refined-jiffies: mask: 0xffffffff max_cycles: 0xffffffff, max_idle_ns: 7645519600211568 ns
[    0.000000] setup_percpu: NR_CPUS:512 nr_cpumask_bits:512 nr_cpu_ids:2 nr_node_ids:1
[    0.000000] PERCPU: Embedded 34 pages/cpu @ffff88007fc00000 s99544 r8192 d31528 u1048576
[    0.000000] Built 1 zonelists in Node order, mobility grouping on.  Total pages: 515960
[    0.000000] Policy zone: DMA32
[    0.000000] Kernel command line: BOOT_IMAGE=/boot/vmlinuz-4.4.0-166-generic root=LABEL=cloudimg-rootfs ro console=tty1 console=ttyS0
[    0.000000] PID hash table entries: 4096 (order: 3, 32768 bytes)
[    0.000000] Memory: 2029332K/2096696K available (8623K kernel code, 1336K rwdata, 4036K rodata, 1488K init, 1288K bss, 67364K reserved, 0K cma-reserved)
[    0.000000] SLUB: HWalign=64, Order=0-3, MinObjects=0, CPUs=2, Nodes=1
[    0.000000] Kernel/User page tables isolation: enabled
[    0.000000] Hierarchical RCU implementation.
[    0.000000] 	Build-time adjustment of leaf fanout to 64.
[    0.000000] 	RCU restricting CPUs from NR_CPUS=512 to nr_cpu_ids=2.
[    0.000000] RCU: Adjusting geometry for rcu_fanout_leaf=64, nr_cpu_ids=2
[    0.000000] NR_IRQS:33024 nr_irqs:440 16
[    0.000000] Console: colour VGA+ 80x25
[    0.000000] console [tty1] enabled
[    0.000000] console [ttyS0] enabled
[    0.000000] tsc: Detected 2693.774 MHz processor
[    0.426551] Calibrating delay loop (skipped) preset value.. 5387.54 BogoMIPS (lpj=10775096)
[    0.429858] pid_max: default: 32768 minimum: 301
[    0.432256] ACPI: Core revision 20150930
[    0.438801] ACPI: 2 ACPI AML tables successfully acquired and loaded
[    0.441617] Security Framework initialized
[    0.446660] Yama: becoming mindful.
[    0.448615] AppArmor: AppArmor initialized
[    0.454001] Dentry cache hash table entries: 262144 (order: 9, 2097152 bytes)
[    0.458127] Inode-cache hash table entries: 131072 (order: 8, 1048576 bytes)
[    0.466930] Mount-cache hash table entries: 4096 (order: 3, 32768 bytes)
[    0.470433] Mountpoint-cache hash table entries: 4096 (order: 3, 32768 bytes)
[    0.473948] Initializing cgroup subsys io
[    0.475613] Initializing cgroup subsys memory
[    0.477630] Initializing cgroup subsys devices
[    0.479457] Initializing cgroup subsys freezer
[    0.481208] Initializing cgroup subsys net_cls
[    0.483023] Initializing cgroup subsys perf_event
[    0.485030] Initializing cgroup subsys net_prio
[    0.487480] Initializing cgroup subsys hugetlb
[    0.489644] Initializing cgroup subsys pids
[    0.492497] mce: CPU supports 0 MCE banks
[    0.494190] Last level iTLB entries: 4KB 1024, 2MB 1024, 4MB 1024
[    0.496321] Last level dTLB entries: 4KB 1024, 2MB 1024, 4MB 1024, 1GB 4
[    0.498721] Spectre V1 : Mitigation: usercopy/swapgs barriers and __user pointer sanitization
[    0.501998] Spectre V2 : Mitigation: Full generic retpoline
[    0.504375] Spectre V2 : Spectre v2 / SpectreRSB mitigation: Filling RSB on context switch
[    0.508045] Speculative Store Bypass: Vulnerable
[    0.509992] MDS: Vulnerable: Clear CPU buffers attempted, no microcode
[    0.518111] Freeing SMP alternatives memory: 36K
[    0.532252] ftrace: allocating 32296 entries in 127 pages
[    0.646726] smpboot: APIC(0) Converting physical 0 to logical package 0
[    0.649495] smpboot: Max logical packages: 1
[    0.651862] x2apic enabled
[    0.653922] Switched APIC routing to physical x2apic.
[    0.658541] ..TIMER: vector=0x30 apic1=0 pin1=2 apic2=-1 pin2=-1
[    0.768879] smpboot: CPU0: Intel(R) Core(TM) i7-4800MQ CPU @ 2.70GHz (family: 0x6, model: 0x3c, stepping: 0x3)
[    0.773025] Performance Events: unsupported p6 CPU model 60 no PMU driver, software events only.
[    0.792094] KVM setup paravirtual spinlock
[    0.798409] x86: Booting SMP configuration:
[    0.800453] .... node  #0, CPUs:      #1
[    0.802083] kvm-clock: cpu 1, msr 0:7ffe3041, secondary cpu clock
[    0.804366] mce: CPU supports 0 MCE banks
[    0.807590] x86: Booted up 1 node, 2 CPUs
[    0.809815] smpboot: Total of 2 processors activated (10775.09 BogoMIPS)
[    0.813185] devtmpfs: initialized
[    0.828108] evm: security.selinux
[    0.829645] evm: security.SMACK64
[    0.831356] evm: security.SMACK64EXEC
[    0.833269] evm: security.SMACK64TRANSMUTE
[    0.834960] evm: security.SMACK64MMAP
[    0.836617] evm: security.ima
[    0.838477] evm: security.capability
[    0.840766] clocksource: jiffies: mask: 0xffffffff max_cycles: 0xffffffff, max_idle_ns: 7645041785100000 ns
[    0.854899] futex hash table entries: 512 (order: 3, 32768 bytes)
[    0.857858] pinctrl core: initialized pinctrl subsystem
[    0.860286] RTC time: 14:47:51, date: 12/18/19
[    0.862546] NET: Registered protocol family 16
[    0.874834] cpuidle: using governor ladder
[    0.886583] cpuidle: using governor menu
[    0.888359] PCCT header not found.
[    0.890106] ACPI: bus type PCI registered
[    0.892143] acpiphp: ACPI Hot Plug PCI Controller Driver version: 0.5
[    0.895431] PCI: Using configuration type 1 for base access
[    0.912262] ACPI: Added _OSI(Module Device)
[    0.914100] ACPI: Added _OSI(Processor Device)
[    0.915875] ACPI: Added _OSI(3.0 _SCP Extensions)
[    0.917958] ACPI: Added _OSI(Processor Aggregator Device)
[    0.921848] ACPI: Executed 1 blocks of module-level executable AML code
[    0.930787] ACPI: Interpreter enabled
[    0.932599] ACPI: (supports S0 S5)
[    0.934074] ACPI: Using IOAPIC for interrupt routing
[    0.936591] PCI: Using host bridge windows from ACPI; if necessary, use "pci=nocrs" and report a bug
[    0.949572] ACPI: PCI Root Bridge [PCI0] (domain 0000 [bus 00-ff])
[    0.951896] acpi PNP0A03:00: _OSC: OS supports [ASPM ClockPM Segments MSI]
[    0.955527] acpi PNP0A03:00: _OSC: not requesting OS control; OS requires [ExtendedConfig ASPM ClockPM MSI]
[    0.959875] acpi PNP0A03:00: fail to add MMCONFIG information, can't access extended PCI configuration space under this bridge.
[    0.964947] PCI host bridge to bus 0000:00
[    0.966934] pci_bus 0000:00: root bus resource [io  0x0000-0x0cf7 window]
[    0.969330] pci_bus 0000:00: root bus resource [io  0x0d00-0xffff window]
[    0.971944] pci_bus 0000:00: root bus resource [mem 0x000a0000-0x000bffff window]
[    0.975599] pci_bus 0000:00: root bus resource [mem 0x80000000-0xfdffffff window]
[    0.978824] pci_bus 0000:00: root bus resource [bus 00-ff]
[    0.983890] pci 0000:00:01.1: legacy IDE quirk: reg 0x10: [io  0x01f0-0x01f7]
[    0.986556] pci 0000:00:01.1: legacy IDE quirk: reg 0x14: [io  0x03f6]
[    0.989280] pci 0000:00:01.1: legacy IDE quirk: reg 0x18: [io  0x0170-0x0177]
[    0.992301] pci 0000:00:01.1: legacy IDE quirk: reg 0x1c: [io  0x0376]
[    1.056885] pci 0000:00:07.0: quirk: [io  0x4000-0x403f] claimed by PIIX4 ACPI
[    1.060558] pci 0000:00:07.0: quirk: [io  0x4100-0x410f] claimed by PIIX4 SMB
[    1.090388] ACPI: PCI Interrupt Link [LNKA] (IRQs 5 9 10 *11)
[    1.094206] ACPI: PCI Interrupt Link [LNKB] (IRQs 5 9 *10 11)
[    1.097169] ACPI: PCI Interrupt Link [LNKC] (IRQs 5 *9 10 11)
[    1.100386] ACPI: PCI Interrupt Link [LNKD] (IRQs 5 9 10 *11)
[    1.103536] ACPI: Enabled 2 GPEs in block 00 to 07
[    1.105897] vgaarb: setting as boot device: PCI:0000:00:02.0
[    1.108014] vgaarb: device added: PCI:0000:00:02.0,decodes=io+mem,owns=io+mem,locks=none
[    1.111441] vgaarb: loaded
[    1.112747] vgaarb: bridge control possible 0000:00:02.0
[    1.115407] SCSI subsystem initialized
[    1.117256] ACPI: bus type USB registered
[    1.119084] usbcore: registered new interface driver usbfs
[    1.121891] usbcore: registered new interface driver hub
[    1.124699] usbcore: registered new device driver usb
[    1.127173] PCI: Using ACPI for IRQ routing
[    1.129591] NetLabel: Initializing
[    1.131172] NetLabel:  domain hash size = 128
[    1.133133] NetLabel:  protocols = UNLABELED CIPSOv4
[    1.135278] NetLabel:  unlabeled traffic allowed by default
[    1.137743] amd_nb: Cannot enumerate AMD northbridges
[    1.139798] clocksource: Switched to clocksource kvm-clock
[    1.164775] AppArmor: AppArmor Filesystem Enabled
[    1.166905] pnp: PnP ACPI init
[    1.169922] pnp: PnP ACPI: found 3 devices
[    1.187002] clocksource: acpi_pm: mask: 0xffffff max_cycles: 0xffffff, max_idle_ns: 2085701024 ns
[    1.190588] NET: Registered protocol family 2
[    1.192611] TCP established hash table entries: 16384 (order: 5, 131072 bytes)
[    1.195779] TCP bind hash table entries: 16384 (order: 6, 262144 bytes)
[    1.198750] TCP: Hash tables configured (established 16384 bind 16384)
[    1.201307] UDP hash table entries: 1024 (order: 3, 32768 bytes)
[    1.203506] UDP-Lite hash table entries: 1024 (order: 3, 32768 bytes)
[    1.206101] NET: Registered protocol family 1
[    1.207872] pci 0000:00:00.0: Limiting direct PCI/PCI transfers
[    1.210074] pci 0000:00:01.0: Activating ISA DMA hang workarounds
[    1.212505] Unpacking initramfs...
[    1.818355] Freeing initrd memory: 15408K
[    1.820472] RAPL PMU detected, API unit is 2^-32 Joules, 4 fixed counters 10737418240 ms ovfl timer
[    1.824149] hw unit of domain pp0-core 2^-0 Joules
[    1.826076] hw unit of domain package 2^-0 Joules
[    1.827973] hw unit of domain dram 2^-0 Joules
[    1.830021] hw unit of domain pp1-gpu 2^-0 Joules
[    1.832347] clocksource: tsc: mask: 0xffffffffffffffff max_cycles: 0x26d44549f58, max_idle_ns: 440795338245 ns
[    1.836666] platform rtc_cmos: registered platform RTC device (no PNP device found)
[    1.839939] Scanning for low memory corruption every 60 seconds
[    1.842833] audit: initializing netlink subsys (disabled)
[    1.844797] audit: type=2000 audit(1576680478.129:1): initialized
[    1.847408] Initialise system trusted keyring
[    1.849321] HugeTLB registered 2 MB page size, pre-allocated 0 pages
[    1.855108] zbud: loaded
[    1.857178] VFS: Disk quotas dquot_6.6.0
[    1.859071] VFS: Dquot-cache hash table entries: 512 (order 0, 4096 bytes)
[    1.862024] squashfs: version 4.0 (2009/01/31) Phillip Lougher
[    1.864763] fuse init (API version 7.23)
[    1.866726] Key type big_key registered
[    1.868659] Allocating IMA MOK and blacklist keyrings.
[    1.872326] Key type asymmetric registered
[    1.874010] Asymmetric key parser 'x509' registered
[    1.875963] Block layer SCSI generic (bsg) driver version 0.4 loaded (major 249)
[    1.879240] io scheduler noop registered
[    1.880826] io scheduler deadline registered (default)
[    1.882921] io scheduler cfq registered
[    1.884931] pci_hotplug: PCI Hot Plug PCI Core version: 0.5
[    1.886995] pciehp: PCI Express Hot Plug Controller Driver version: 0.4
[    1.889831] ACPI: AC Adapter [AC] (on-line)
[    1.891694] input: Power Button as /devices/LNXSYSTM:00/LNXPWRBN:00/input/input0
[    1.895421] ACPI: Power Button [PWRF]
[    1.897649] input: Sleep Button as /devices/LNXSYSTM:00/LNXSLPBN:00/input/input1
[    1.901906] ACPI: Sleep Button [SLPF]
[    1.904223] GHES: HEST is not enabled!
[    1.906010] ACPI: Battery Slot [BAT0] (battery present)
[    1.909855] Serial: 8250/16550 driver, 32 ports, IRQ sharing enabled
[    1.935230] 00:02: ttyS0 at I/O 0x3f8 (irq = 4, base_baud = 115200) is a 16550A
[    1.944205] Linux agpgart interface v0.103
[    1.950029] loop: module loaded
[    1.955730] scsi host0: ata_piix
[    1.958032] scsi host1: ata_piix
[    1.959883] ata1: PATA max UDMA/33 cmd 0x1f0 ctl 0x3f6 bmdma 0xd000 irq 14
[    1.962801] ata2: PATA max UDMA/33 cmd 0x170 ctl 0x376 bmdma 0xd008 irq 15
[    1.965908] libphy: Fixed MDIO Bus: probed
[    1.967850] tun: Universal TUN/TAP device driver, 1.6
[    1.969997] tun: (C) 1999-2004 Max Krasnyansky <maxk@qualcomm.com>
[    1.972734] PPP generic driver version 2.4.2
[    1.974597] ehci_hcd: USB 2.0 'Enhanced' Host Controller (EHCI) Driver
[    1.976902] ehci-pci: EHCI PCI platform driver
[    1.978655] ehci-platform: EHCI generic platform driver
[    1.980627] ohci_hcd: USB 1.1 'Open' Host Controller (OHCI) Driver
[    1.982858] ohci-pci: OHCI PCI platform driver
[    1.984654] ohci-platform: OHCI generic platform driver
[    1.986595] uhci_hcd: USB Universal Host Controller Interface driver
[    1.989266] i8042: PNP: PS/2 Controller [PNP0303:PS2K,PNP0f03:PS2M] at 0x60,0x64 irq 1,12
[    1.993483] serio: i8042 KBD port at 0x60,0x64 irq 1
[    1.995356] serio: i8042 AUX port at 0x60,0x64 irq 12
[    1.997654] mousedev: PS/2 mouse device common for all mice
[    2.000295] input: AT Translated Set 2 keyboard as /devices/platform/i8042/serio0/input/input2
[    2.004354] rtc_cmos rtc_cmos: rtc core: registered rtc_cmos as rtc0
[    2.006689] rtc_cmos rtc_cmos: alarms up to one day, 114 bytes nvram
[    2.008974] i2c /dev entries driver
[    2.010578] device-mapper: uevent: version 1.0.3
[    2.012554] device-mapper: ioctl: 4.34.0-ioctl (2015-10-28) initialised: dm-devel@redhat.com
[    2.015884] ledtrig-cpu: registered to indicate activity on CPUs
[    2.018780] NET: Registered protocol family 10
[    2.020911] NET: Registered protocol family 17
[    2.022776] Key type dns_resolver registered
[    2.025316] registered taskstats version 1
[    2.027161] Loading compiled-in X.509 certificates
[    2.029931] Loaded X.509 cert 'Build time autogenerated kernel key: 75bc1b51278a37d3abb49bab6b1b0161a6cc9ec0'
[    2.033967] zswap: loaded using pool lzo/zbud
[    2.040244] Key type trusted registered
[    2.045453] Key type encrypted registered
[    2.047197] AppArmor: AppArmor sha1 policy hashing enabled
[    2.049166] ima: No TPM chip found, activating TPM-bypass!
[    2.051268] ima: Allocated hash algorithm: sha1
[    2.053133] evm: HMAC attrs: 0x1
[    2.055485]   Magic number: 15:111:789
[    2.057511] rtc_cmos rtc_cmos: setting system clock to 2019-12-18 14:47:53 UTC (1576680473)
[    2.060922] BIOS EDD facility v0.16 2004-Jun-25, 0 devices found
[    2.063063] EDD information not available.
[    2.128800] Freeing unused kernel memory: 1488K
[    2.130796] Write protecting the kernel read-only data: 14336k
[    2.134134] Freeing unused kernel memory: 1604K
[    2.136491] Freeing unused kernel memory: 60K
Loading, please wait...
starting version 229
[    2.159878] random: systemd-udevd: uninitialized urandom read (16 bytes read, 3 bits of entropy available)
[    2.161244] random: udevadm: uninitialized urandom read (16 bytes read, 3 bits of entropy available)
[    2.161286] random: udevadm: uninitialized urandom read (16 bytes read, 3 bits of entropy available)
[    2.173220] random: systemd-udevd: uninitialized urandom read (16 bytes read, 3 bits of entropy available)
[    2.177671] random: systemd-udevd: uninitialized urandom read (16 bytes read, 3 bits of entropy available)
[    2.179308] random: udevadm: uninitialized urandom read (16 bytes read, 3 bits of entropy available)
[    2.179379] random: udevadm: uninitialized urandom read (16 bytes read, 3 bits of entropy available)
[    2.179650] random: udevadm: uninitialized urandom read (16 bytes read, 3 bits of entropy available)
[    2.179748] random: udevadm: uninitialized urandom read (16 bytes read, 3 bits of entropy available)
[    2.179834] random: udevadm: uninitialized urandom read (16 bytes read, 3 bits of entropy available)
[    2.256562] e1000: Intel(R) PRO/1000 Network Driver - version 7.3.21-k8-NAPI
[    2.259611] e1000: Copyright (c) 1999-2006 Intel Corporation.
[    2.262903] [drm] Initialized drm 1.1.0 20060810
[    2.274638] Fusion MPT base driver 3.04.20
[    2.276794] Copyright (c) 1999-2008 LSI Corporation
[    2.297217] Fusion MPT SPI Host driver 3.04.20
[    2.302006] vboxvideo: loading out-of-tree module taints kernel.
[    2.304345] vboxvideo: module verification failed: signature and/or required key missing - tainting kernel
[    2.355575] AVX2 version of gcm_enc/dec engaged.
[    2.357547] AES CTR mode by8 optimization enabled
[    2.525942] input: ImExPS/2 Generic Explorer Mouse as /devices/platform/i8042/serio1/input/input4
[    2.770176] e1000 0000:00:03.0 eth0: (PCI:33MHz:32-bit) 02:ba:5f:3b:91:b0
[    2.772716] e1000 0000:00:03.0 eth0: Intel(R) PRO/1000 Network Connection
[    2.776872] mptbase: ioc0: Initiating bringup
[    2.906297] ioc0: LSI53C1030 A0: Capabilities={Initiator}
[    4.883235] scsi host2: ioc0: LSI53C1030 A0, FwRev=00000000h, Ports=1, MaxQ=256, IRQ=20
[    5.784542] scsi 2:0:0:0: Direct-Access     VBOX     HARDDISK         1.0  PQ: 0 ANSI: 5
[    5.785708] [drm] VRAM 01000000
[    5.815924] [TTM] Zone  kernel: Available graphics memory: 1023964 kiB
[    5.815924] [TTM] Initializing pool allocator
[    5.815931] [TTM] Initializing DMA pool allocator
[    5.827101] scsi target2:0:0: Beginning Domain Validation
[    5.827114] fbcon: vboxdrmfb (fb0) is primary device
[    5.829203] scsi target2:0:0: Domain Validation skipping write tests
[    5.829205] scsi target2:0:0: Ending Domain Validation
[    5.829324] scsi target2:0:0: asynchronous
[    5.842506] scsi 2:0:1:0: Direct-Access     VBOX     HARDDISK         1.0  PQ: 0 ANSI: 5
[    5.842514] scsi target2:0:1: Beginning Domain Validation
[    5.844439] scsi target2:0:1: Domain Validation skipping write tests
[    5.844441] scsi target2:0:1: Ending Domain Validation
[    5.844592] scsi target2:0:1: asynchronous
[    5.845732] Console: switching to colour frame buffer device 100x37
[    5.863329] vboxvideo 0000:00:02.0: fb0: vboxdrmfb frame buffer device
[    5.867499] sd 2:0:0:0: Attached scsi generic sg0 type 0
[    5.869416] sd 2:0:0:0: [sda] 20971520 512-byte logical blocks: (10.7 GB/10.0 GiB)
[    5.872601] sd 2:0:1:0: Attached scsi generic sg1 type 0
[    5.874637] sd 2:0:1:0: [sdb] 20480 512-byte logical blocks: (10.5 MB/10.0 MiB)
[    5.877112] [drm] Initialized vboxvideo 1.0.0 20130823 for 0000:00:02.0 on minor 0
[    5.877131] sd 2:0:0:0: [sda] Write Protect is off
[    5.877295] sd 2:0:0:0: [sda] Incomplete mode parameter data
[    5.877298] sd 2:0:0:0: [sda] Assuming drive cache: write through
[    5.884295] sd 2:0:1:0: [sdb] Write Protect is off
[    5.884490] sd 2:0:1:0: [sdb] Incomplete mode parameter data
[    5.884493] sd 2:0:1:0: [sdb] Assuming drive cache: write through
[    5.885549]  sda: sda1
[    5.886662] sd 2:0:0:0: [sda] Attached SCSI disk
[    5.887821] sd 2:0:1:0: [sdb] Attached SCSI disk
[    6.329954] e1000 0000:00:08.0 eth1: (PCI:33MHz:32-bit) 08:00:27:db:cf:98
[    6.332679] e1000 0000:00:08.0 eth1: Intel(R) PRO/1000 Network Connection
[    6.855820] e1000 0000:00:09.0 eth2: (PCI:33MHz:32-bit) 08:00:27:90:06:00
[    6.861784] e1000 0000:00:09.0 eth2: Intel(R) PRO/1000 Network Connection
[    6.870286] e1000 0000:00:03.0 enp0s3: renamed from eth0
[    6.885186] e1000 0000:00:08.0 enp0s8: renamed from eth1
[    6.900667] e1000 0000:00:09.0 enp0s9: renamed from eth2
Begin: Loading essential drivers ... [    7.070722] md: linear personality registered for level -1
[    7.076823] md: multipath personality registered for level -4
[    7.083126] md: raid0 personality registered for level 0
[    7.091412] md: raid1 personality registered for level 1
[    7.168346] raid6: sse2x1   gen()  2805 MB/s
[    7.235970] raid6: sse2x1   xor()  1679 MB/s
[    7.304064] raid6: sse2x2   gen()  4397 MB/s
[    7.371891] raid6: sse2x2   xor()  3131 MB/s
[    7.440233] raid6: sse2x4   gen()  6924 MB/s
[    7.508076] raid6: sse2x4   xor()  4257 MB/s
[    7.575948] raid6: avx2x1   gen()  5981 MB/s
[    7.643829] raid6: avx2x2   gen() 10471 MB/s
[    7.712132] raid6: avx2x4   gen() 13697 MB/s
[    7.714274] raid6: using algorithm avx2x4 gen() 13697 MB/s
[    7.716735] raid6: using avx2x2 recovery algorithm
[    7.721159] xor: automatically using best checksumming function:
[    7.764405]    avx       : 18626.000 MB/sec
[    7.768633] async_tx: api initialized (async)
[    7.786495] md: raid6 personality registered for level 6
[    7.788805] md: raid5 personality registered for level 5
[    7.790912] md: raid4 personality registered for level 4
[    7.802934] md: raid10 personality registered for level 10
done.
Begin: Running /scripts/init-premount ... done.
Begin: Mounting root file system ... Begin: Running /scripts/local-top ... done.
Begin: Running /scripts/local-premount ... [    7.862441] Btrfs loaded
Scanning for Btrfs filesystems
done.
Warning: fsck not present, so skipping root file system
[    7.908763] EXT4-fs (sda1): mounted filesystem with ordered data mode. Opts: (null)
done.
Begin: Running /scripts/local-bottom ... done.
Begin: Running /scripts/init-bottom ... done.
[    8.051268] systemd[1]: systemd 229 running in system mode. (+PAM +AUDIT +SELINUX +IMA +APPARMOR +SMACK +SYSVINIT +UTMP +LIBCRYPTSETUP +GCRYPT +GNUTLS +ACL +XZ -LZ4 +SECCOMP +BLKID +ELFUTILS +KMOD -IDN)
[    8.058968] systemd[1]: Detected virtualization oracle.
[    8.061530] systemd[1]: Detected architecture x86-64.

Welcome to [1mUbuntu 16.04.6 LTS[0m!

[    8.068043] systemd[1]: Set hostname to <ubuntu-xenial>.
[    8.279767] systemd[1]: Created slice System Slice.
[[0;32m  OK  [0m] Created slice System Slice.
[    8.283461] systemd[1]: Started Forward Password Requests to Wall Directory Watch.
[[0;32m  OK  [0m] Started Forward Password Requests to Wall Directory Watch.
[    8.288249] systemd[1]: Listening on Device-mapper event daemon FIFOs.
[[0;32m  OK  [0m] Listening on Device-mapper event daemon FIFOs.
[    8.292377] systemd[1]: Listening on Syslog Socket.
[[0;32m  OK  [0m] Listening on Syslog Socket.
[    8.295738] systemd[1]: Listening on LVM2 metadata daemon socket.
[[0;32m  OK  [0m] Listening on LVM2 metadata daemon socket.
[    8.300367] systemd[1]: Set up automount Arbitrary Executable File Formats File System Automount Point.
[[0;32m  OK  [0m] Set up automount Arbitrary Executab...ats File System Automount Point.
[    8.306836] systemd[1]: Created slice User and Session Slice.
[[0;32m  OK  [0m] Created slice User and Session Slice.
[    8.310543] systemd[1]: Listening on udev Control Socket.
[[0;32m  OK  [0m] Listening on udev Control Socket.
[    8.320227] systemd[1]: Listening on udev Kernel Socket.
[[0;32m  OK  [0m] Listening on udev Kernel Socket.
[    8.324473] systemd[1]: Listening on Journal Socket (/dev/log).
[[0;32m  OK  [0m] Listening on Journal Socket (/dev/log).
[    8.329156] systemd[1]: Created slice system-serial\x2dgetty.slice.
[[0;32m  OK  [0m] Created slice system-serial\x2dgetty.slice.
[    8.340751] systemd[1]: Listening on Journal Audit Socket.
[[0;32m  OK  [0m] Listening on Journal Audit Socket.
[    8.352386] systemd[1]: Reached target System Time Synchronized.
[[0;32m  OK  [0m] Reached target System Time Synchronized.
[    8.356772] systemd[1]: Listening on LVM2 poll daemon socket.
[[0;32m  OK  [0m] Listening on LVM2 poll daemon socket.
[    8.361126] systemd[1]: Reached target Encrypted Volumes.
[[0;32m  OK  [0m] Reached target Encrypted Volumes.
[    8.365823] systemd[1]: Started Trigger resolvconf update for networkd DNS.
[[0;32m  OK  [0m] Started Trigger resolvconf update for networkd DNS.
[    8.370156] systemd[1]: Reached target Swap.
[[0;32m  OK  [0m] Reached target Swap.
[    8.373527] systemd[1]: Reached target Slices.
[[0;32m  OK  [0m] Reached target Slices.
[    8.384805] systemd[1]: Listening on /dev/initctl Compatibility Named Pipe.
[[0;32m  OK  [0m] Listening on /dev/initctl Compatibility Named Pipe.
[    8.389261] systemd[1]: Listening on Journal Socket.
[[0;32m  OK  [0m] Listening on Journal Socket.
[    8.411929] systemd[1]: Mounting Huge Pages File System...
         Mounting Huge Pages File System...
[    8.418284] systemd[1]: Starting Nameserver information manager...
         Starting Nameserver information manager...
[    8.429846] systemd[1]: Starting Monitoring of LVM2 mirrors, snapshots etc. using dmeventd or progress polling...
         Starting Monitoring of LVM2 mirrors... dmeventd or progress polling...
[    8.461171] systemd[1]: Starting Create list of required static device nodes for the current kernel...
         Starting Create list of required st... nodes for the current kernel...
[    8.469051] systemd[1]: Starting Uncomplicated firewall...
         Starting Uncomplicated firewall...
[    8.473860] systemd[1]: Mounting POSIX Message Queue File System...
         Mounting POSIX Message Queue File System...
[    8.478850] systemd[1]: Mounting Debug File System...
         Mounting Debug File System...
[    8.485677] systemd[1]: Starting Load Kernel Modules...
         Starting Load Kernel Modules...
[    8.490684] systemd[1]: Starting Journal Service...
         Starting Journal Service...
[    8.500240] systemd[1]: Starting Remount Root and Kernel File Systems...
         Starting Remount Root and Kernel File Systems...
[    8.508485] EXT4-fs (sda1): re-mounted. Opts: (null)
[    8.511620] Loading iSCSI transport class v2.0-870.
[    8.513875] systemd[1]: Starting Set console keymap...
         Starting Set console keymap...
[    8.518133] systemd[1]: Reached target User and Group Name Lookups.
[[0;32m  OK  [0m] Reached target User and Group Name Lookups.
[    8.536485] iscsi: registered transport (tcp)
[    8.541758] systemd[1]: Mounted POSIX Message Queue File System.
[[0;32m  OK  [0m] Mounted POSIX Message Queue File System.
[    8.551805] systemd[1]: Mounted Debug File System.
[[0;32m  OK  [0m] Mounted Debug File System.
[    8.556585] systemd[1]: Mounted Huge Pages File System.
[[0;32m  OK  [0m] Mounted Huge Pages File System.
[    8.565817] systemd[1]: Started Create list of required static device nodes for the current kernel.
[[0;32m  OK  [0m] Started Create list of required sta...ce nodes for the current kernel.
[    8.576060] systemd[1]: Started Uncomplicated firewall.
[[0;32m  OK  [0m] Started Uncomplicated firewall.
[    8.582291] systemd[1]: Started Remount Root and Kernel File Systems.
[[0;32m  OK  [0m] Started Remount Root and Kernel File Systems.
[    8.608235] systemd[1]: Started Nameserver information manager.
[[0;32m  OK  [0m] Started Nameserver information manager.
[    8.657449] systemd[1]: Started Journal Service.
[[0;32m  OK  [0m] Started Journal Service.
[    8.708184] iscsi: registered transport (iser)
[[0;32m  OK  [0m] Started Load Kernel Modules.
[[0;32m  OK  [0m] Started Set console keymap.
         Starting Apply Kernel Variables...
         Mounting FUSE Control File System...
[[0;32m  OK  [0m] Started LVM2 metadata daemon.
         Starting Load/Save Random Seed...
         Starting Flush Journal to Persistent Storage...
         Starting udev Coldplug all Devices...
         Starting Create Static Device Nodes in /dev...
[[0;32m  OK  [0m] Mounted FUSE Control File System.
[[0;32m  OK  [0m] Started Apply Kernel Variables.
[[0;32m  OK  [0m] Started Load/Save Random Seed.
[[0;32m  OK  [0m] Started Create Static Device Nodes in /dev.
[[0;32m  OK  [0m] Started Flush Journal to Persistent Storage.
[[0;32m  OK  [0m] Started udev Coldplug all Devices.
         Starting udev Kernel Device Manager...
[[0;32m  OK  [0m] Started udev Kernel Device Manager.
[[0;32m  OK  [0m] Started Dispatch Password Requests to Console Directory Watch.
[[0;32m  OK  [0m] Started Monitoring of LVM2 mirrors,...ng dmeventd or progress polling.
[[0;32m  OK  [0m] Reached target Local File Systems (Pre).
[[0;32m  OK  [0m] Reached target Local File Systems.
         Starting Create Volatile Files and Directories...
         Starting Tell Plymouth To Write Out Runtime Data...
         Starting LSB: AppArmor initialization...
         Starting Set console font and keymap...
         Starting Initial cloud-init job (pre-networking)...
[[0;32m  OK  [0m] Started Tell Plymouth To Write Out Runtime Data.
[[0;32m  OK  [0m] Started Create Volatile Files and Directories.
         Starting Update UTMP about System Boot/Shutdown...
[[0;32m  OK  [0m] Started Update UTMP about System Boot/Shutdown.
[[0;32m  OK  [0m] Started LSB: AppArmor initialization.
[[0;32m  OK  [0m] Found device /dev/ttyS0.
[[0;32m  OK  [0m] Listening on Load/Save RF Kill Switch Status /dev/rfkill Watch.
[[0;32m  OK  [0m] Started Set console font and keymap.
[[0;32m  OK  [0m] Created slice system-getty.slice.
[[0;32m  OK  [0m] Found device 82540EM Gigabit Ethern...r (PRO/1000 MT Desktop Adapter).
[[0;32m  OK  [0m] Found device 82540EM Gigabit Ethern...r (PRO/1000 MT Desktop Adapter).
[[0;32m  OK  [0m] Found device 82540EM Gigabit Ethern...r (PRO/1000 MT Desktop Adapter).
[   10.223929] cloud-init[496]: Cloud-init v. 19.2-36-g059d049c-0ubuntu2~16.04.1 running 'init-local' at Wed, 18 Dec 2019 14:48:01 +0000. Up 9.75 seconds.
[[0;32m  OK  [0m] Started Initial cloud-init job (pre-networking).
[[0;32m  OK  [0m] Reached target Network (Pre).
[[0;32m  OK  [0m] Started ifup for enp0s9.
[[0;32m  OK  [0m] Started ifup for enp0s8.
[[0;32m  OK  [0m] Started ifup for enp0s3.
         Starting Raise network interfaces...
[[0;32m  OK  [0m] Started Raise network interfaces.
         Starting Initial cloud-init job (metadata service crawler)...
[[0;32m  OK  [0m] Reached target Network.
[   11.718549] cloud-init[1189]: Cloud-init v. 19.2-36-g059d049c-0ubuntu2~16.04.1 running 'init' at Wed, 18 Dec 2019 14:48:03 +0000. Up 11.20 seconds.
[   11.720512] cloud-init[1189]: ci-info: ++++++++++++++++++++++++++++++++++++++Net device info+++++++++++++++++++++++++++++++++++++++
[   11.722429] cloud-init[1189]: ci-info: +--------+------+-----------------------------+---------------+--------+-------------------+
[   11.724134] cloud-init[1189]: ci-info: | Device |  Up  |           Address           |      Mask     | Scope  |     Hw-Address    |
[   11.726001] cloud-init[1189]: ci-info: +--------+------+-----------------------------+---------------+--------+-------------------+
[   11.728304] cloud-init[1189]: ci-info: | enp0s3 | True |          10.0.2.15          | 255.255.255.0 | global | 02:ba:5f:3b:91:b0 |
[   11.731351] cloud-init[1189]: ci-info: | enp0s3 | True |  fe80::ba:5fff:fe3b:91b0/64 |       .       |  link  | 02:ba:5f:3b:91:b0 |
[   11.733985] cloud-init[1189]: ci-info: | enp0s8 | True |         192.168.1.2         | 255.255.255.0 | global | 08:00:27:db:cf:98 |
[   11.740722] cloud-init[1189]: ci-info: | enp0s8 | True | fe80::a00:27ff:fedb:cf98/64 |       .       |  link  | 08:00:27:db:cf:98 |
[   11.743268] cloud-init[1189]: ci-info: | enp0s9 | True |        192.168.0.100        | 255.255.255.0 | global | 08:00:27:90:06:00 |
[   11.746349] cloud-init[1189]: ci-info: | enp0s9 | True |  fe80::a00:27ff:fe90:600/64 |       .       |  link  | 08:00:27:90:06:00 |
[   11.749062] cloud-init[1189]: ci-info: |   lo   | True |          127.0.0.1          |   255.0.0.0   |  host  |         .         |
[   11.751953] cloud-init[1189]: ci-info: |   lo   | True |           ::1/128           |       .       |  host  |         .         |
[   11.754982] cloud-init[1189]: ci-info: +--------+------+-----------------------------+---------------+--------+-------------------+
[   11.757726] cloud-init[1189]: ci-info: +++++++++++++++++++++++++++Route IPv4 info++++++++++++++++++++++++++++
[   11.760036] cloud-init[1189]: ci-info: +-------+-------------+----------+---------------+-----------+-------+
[   11.762462] cloud-init[1189]: ci-info: | Route | Destination | Gateway  |    Genmask    | Interface | Flags |
[   11.764905] cloud-init[1189]: ci-info: +-------+-------------+----------+---------------+-----------+-------+
[   11.773111] cloud-init[1189]: ci-info: |   0   |   0.0.0.0   | 10.0.2.2 |    0.0.0.0    |   enp0s3  |   UG  |
[   11.775896] cloud-init[1189]: ci-info: |   1   |   10.0.2.0  | 0.0.0.0  | 255.255.255.0 |   enp0s3  |   U   |
[   11.784670] cloud-init[1189]: ci-info: |   2   | 192.168.0.0 | 0.0.0.0  | 255.255.255.0 |   enp0s9  |   U   |
[   11.787104] cloud-init[1189]: ci-info: |   3   | 192.168.1.0 | 0.0.0.0  | 255.255.255.0 |   enp0s8  |   U   |
[   11.789152] cloud-init[1189]: ci-info: +-------+-------------+----------+---------------+-----------+-------+
[   11.797463] cloud-init[1189]: ci-info: +++++++++++++++++++Route IPv6 info+++++++++++++++++++
[   11.799251] cloud-init[1189]: ci-info: +-------+-------------+---------+-----------+-------+
[   11.809098] cloud-init[1189]: ci-info: | Route | Destination | Gateway | Interface | Flags |
[   11.811247] cloud-init[1189]: ci-info: +-------+-------------+---------+-----------+-------+
[   11.820796] cloud-init[1189]: ci-info: |   0   |  fe80::/64  |    ::   |   enp0s8  |   U   |
[   11.822580] cloud-init[1189]: ci-info: |   1   |  fe80::/64  |    ::   |   enp0s9  |   U   |
[   11.828623] cloud-init[1189]: ci-info: |   2   |  fe80::/64  |    ::   |   enp0s3  |   U   |
[   11.830394] cloud-init[1189]: ci-info: |   5   |   ff00::/8  |    ::   |   enp0s8  |   U   |
[   11.832528] cloud-init[1189]: ci-info: |   6   |   ff00::/8  |    ::   |   enp0s9  |   U   |
[   11.834499] cloud-init[1189]: ci-info: |   7   |   ff00::/8  |    ::   |   enp0s3  |   U   |
[   11.841206] cloud-init[1189]: ci-info: +-------+-------------+---------+-----------+-------+
[[0;32m  OK  [0m] Started Initial cloud-init job (metadata service crawler).
[[0;32m  OK  [0m] Reached target System Initialization.
[[0;32m  OK  [0m] Listening on D-Bus System Message Bus Socket.
[[0;32m  OK  [0m] Started Daily apt download activities.
[[0;32m  OK  [0m] Started Daily apt upgrade and clean activities.
[[0;32m  OK  [0m] Listening on ACPID Listen Socket.
[[0;32m  OK  [0m] Started Message of the Day.
[[0;32m  OK  [0m] Listening on UUID daemon activation socket.
[[0;32m  OK  [0m] Started Daily Cleanup of Temporary Directories.
[[0;32m  OK  [0m] Reached target Timers.
[[0;32m  OK  [0m] Started ACPI Events Check.
[[0;32m  OK  [0m] Reached target Paths.
         Starting Socket activation for snappy daemon.
         Starting LXD - unix socket.
[[0;32m  OK  [0m] Reached target Cloud-config availability.
[[0;32m  OK  [0m] Reached target Network is Online.
         Starting iSCSI initiator daemon (iscsid)...
[[0;32m  OK  [0m] Listening on Socket activation for snappy daemon.
[[0;32m  OK  [0m] Listening on LXD - unix socket.
[[0;32m  OK  [0m] Started iSCSI initiator daemon (iscsid).
         Starting Login to default iSCSI targets...
[[0;32m  OK  [0m] Reached target Sockets.
[[0;32m  OK  [0m] Reached target Basic System.
         Starting vboxadd.service...
         Starting LXD - container startup/shutdown...
         Starting LSB: MD monitoring daemon...
         Starting System Logging Service...
[[0;32m  OK  [0m] Started ACPI event daemon.
[[0;32m  OK  [0m] Started Deferred execution scheduler.
         Starting OpenBSD Secure Shell server...
         Starting Login Service...
         Starting Message of the Day...
         Starting /etc/rc.local Compatibility...
[[0;32m  OK  [0m] Started FUSE filesystem for LXC.
[[0;32m  OK  [0m] Started D-Bus System Message Bus.
         Starting Accounts Service...
[[0;32m  OK  [0m] Started Regular background program processing daemon.
         Starting LSB: Record successful boot for GRUB...
         Starting A high performance web server and a reverse proxy server...
         Starting Snappy daemon...
[[0;32m  OK  [0m] Started System Logging Service.
[[0;32m  OK  [0m] Started /etc/rc.local Compatibility.
[[0;32m  OK  [0m] Started LXD - container startup/shutdown.
[[0;32m  OK  [0m] Started OpenBSD Secure Shell server.
[[0;32m  OK  [0m] Started Login to default iSCSI targets.
[[0;32m  OK  [0m] Started LSB: MD monitoring daemon.
[[0;32m  OK  [0m] Started LSB: Record successful boot for GRUB.
[[0;32m  OK  [0m] Started Login Service.
[[0;32m  OK  [0m] Started Unattended Upgrades Shutdown.
         Starting Authenticate and Authorize Users to Run Privileged Tasks...
[[0;32m  OK  [0m] Reached target Remote File Systems (Pre).
[[0;32m  OK  [0m] Reached target Remote File Systems.
         Starting LSB: Set the CPU Frequency Scaling governor to "ondemand"...
         Starting LSB: daemon to balance interrupts for SMP systems...
         Starting Permit User Sessions...
         Starting LSB: automatic crash report generation...
[[0;32m  OK  [0m] Started A high performance web server and a reverse proxy server.
[[0;32m  OK  [0m] Started Permit User Sessions.
[[0;32m  OK  [0m] Started Authenticate and Authorize Users to Run Privileged Tasks.
         Starting Terminate Plymouth Boot Screen...
         Starting Hold until boot process finishes up...
[[0;32m  OK  [0m] Started Hold until boot process finishes up.
[[0;32m  OK  [0m] Started Accounts Service.
[[0;32m  OK  [0m] Started Terminate Plymouth Boot Screen.
[[0;32m  OK  [0m] Started LSB: Set the CPU Frequency Scaling governor to "ondemand".
[[0;32m  OK  [0m] Started Serial Getty on ttyS0.
         Starting Set console scheme...
[[0;32m  OK  [0m] Started Getty on tty1.
[[0;32m  OK  [0m] Reached target Login Prompts.
[[0;32m  OK  [0m] Started LSB: automatic crash report generation.
[[0;32m  OK  [0m] Started Set console scheme.
[[0;32m  OK  [0m] Started LSB: daemon to balance interrupts for SMP systems.
[[0;32m  OK  [0m] Created slice User Slice of vagrant.
         Starting User Manager for UID 1000...
[[0;32m  OK  [0m] Started Session 1 of user vagrant.
[[0;32m  OK  [0m] Started User Manager for UID 1000.
[[0;32m  OK  [0m] Started Snappy daemon.
         Starting Wait until snapd is fully seeded...
[[0;32m  OK  [0m] Started Wait until snapd is fully seeded.
         Starting Apply the settings specified in cloud-config...
[   14.347774] cloud-init[1501]: Cloud-init v. 19.2-36-g059d049c-0ubuntu2~16.04.1 running 'modules:config' at Wed, 18 Dec 2019 14:48:06 +0000. Up 14.12 seconds.
[[0;32m  OK  [0m] Started Apply the settings specified in cloud-config.
[[0;32m  OK  [0m] Started vboxadd.service.
         Starting vboxadd-service.service...
[[0;32m  OK  [0m] Started vboxadd-service.service.
[[0;32m  OK  [0m] Reached target Multi-User System.
         Starting Execute cloud user/final scripts...
[[0;32m  OK  [0m] Reached target Graphical Interface.
         Starting Update UTMP about System Runlevel Changes...
[[0;32m  OK  [0m] Started Update UTMP about System Runlevel Changes.
[   15.380463] cloud-init[1645]: Cloud-init v. 19.2-36-g059d049c-0ubuntu2~16.04.1 running 'modules:final' at Wed, 18 Dec 2019 14:48:07 +0000. Up 15.16 seconds.
[   15.382896] cloud-init[1645]: Cloud-init v. 19.2-36-g059d049c-0ubuntu2~16.04.1 finished at Wed, 18 Dec 2019 14:48:07 +0000. Datasource DataSourceNoCloud [seed=/dev/sdb][dsmode=net].  Up 15.36 seconds
[[0;32m  OK  [0m] Started Execute cloud user/final scripts.
[[0;32m  OK  [0m] Reached target Cloud-init target.
[[0;32m  OK  [0m] Started Message of the Day.

Ubuntu 16.04.6 LTS ubuntu-xenial ttyS0

ubuntu-xenial login: 